c:\guldhall\p4\c26\students\dfansler\projects\sd6\networking\code\game\release\asteroid.obj
c:\guldhall\p4\c26\students\dfansler\projects\sd6\networking\code\game\release\ship.obj
c:\guldhall\p4\c26\students\dfansler\projects\sd6\networking\code\game\release\gamecommons.obj
c:\guldhall\p4\c26\students\dfansler\projects\sd6\networking\code\game\release\player.obj
c:\guldhall\p4\c26\students\dfansler\projects\sd6\networking\code\game\release\bullet.obj
c:\guldhall\p4\c26\students\dfansler\projects\sd6\networking\code\game\release\main_win32.obj
c:\guldhall\p4\c26\students\dfansler\projects\sd6\networking\code\game\release\game.obj
c:\guldhall\p4\c26\students\dfansler\projects\sd6\networking\code\game\release\app.obj
c:\guldhall\p4\c26\students\dfansler\projects\sd6\networking\code\game\release\landmine.obj
c:\guldhall\p4\c26\students\dfansler\projects\sd6\networking\code\game\release\camera3d.obj
c:\guldhall\p4\c26\students\dfansler\projects\sd6\networking\code\game\release\powerup.obj
c:\guldhall\p4\c26\students\dfansler\projects\sd6\networking\code\game\release\vc140.pdb
c:\guldhall\p4\c26\students\dfansler\projects\sd6\networking\temporary\networking_win32_release\networking.exe
c:\guldhall\p4\c26\students\dfansler\projects\sd6\networking\temporary\networking_win32_release\networking.ipdb
c:\guldhall\p4\c26\students\dfansler\projects\sd6\networking\temporary\networking_win32_release\networking.iobj
c:\guldhall\p4\c26\students\dfansler\projects\sd6\networking\temporary\networking_win32_release\networking.pdb
c:\guldhall\p4\c26\students\dfansler\projects\sd6\networking\code\game\release\networking.tlog\cl.command.1.tlog
c:\guldhall\p4\c26\students\dfansler\projects\sd6\networking\code\game\release\networking.tlog\cl.read.1.tlog
c:\guldhall\p4\c26\students\dfansler\projects\sd6\networking\code\game\release\networking.tlog\cl.write.1.tlog
c:\guldhall\p4\c26\students\dfansler\projects\sd6\networking\code\game\release\networking.tlog\link.command.1.tlog
c:\guldhall\p4\c26\students\dfansler\projects\sd6\networking\code\game\release\networking.tlog\link.read.1.tlog
c:\guldhall\p4\c26\students\dfansler\projects\sd6\networking\code\game\release\networking.tlog\link.write.1.tlog
