c:\guldhall\p4\c26\students\dfansler\projects\sd4\roguelike\code\game\debug\gamecommons.obj
c:\guldhall\p4\c26\students\dfansler\projects\sd4\roguelike\code\game\debug\stat.obj
c:\guldhall\p4\c26\students\dfansler\projects\sd4\roguelike\code\game\debug\inventory.obj
c:\guldhall\p4\c26\students\dfansler\projects\sd4\roguelike\code\game\debug\item.obj
c:\guldhall\p4\c26\students\dfansler\projects\sd4\roguelike\code\game\debug\map.obj
c:\guldhall\p4\c26\students\dfansler\projects\sd4\roguelike\code\game\debug\world.obj
c:\guldhall\p4\c26\students\dfansler\projects\sd4\roguelike\code\game\debug\interactable.obj
c:\guldhall\p4\c26\students\dfansler\projects\sd4\roguelike\code\game\debug\tiledescription.obj
c:\guldhall\p4\c26\students\dfansler\projects\sd4\roguelike\code\game\debug\game.obj
c:\guldhall\p4\c26\students\dfansler\projects\sd4\roguelike\code\game\debug\entity.obj
c:\guldhall\p4\c26\students\dfansler\projects\sd4\roguelike\code\game\debug\player.obj
c:\guldhall\p4\c26\students\dfansler\projects\sd4\roguelike\code\game\debug\app.obj
c:\guldhall\p4\c26\students\dfansler\projects\sd4\roguelike\code\game\debug\camera3d.obj
c:\guldhall\p4\c26\students\dfansler\projects\sd4\roguelike\code\game\debug\main_win32.obj
c:\guldhall\p4\c26\students\dfansler\projects\sd4\roguelike\code\game\debug\tile.obj
c:\guldhall\p4\c26\students\dfansler\projects\sd4\roguelike\code\game\debug\character.obj
c:\guldhall\p4\c26\students\dfansler\projects\sd4\roguelike\code\game\debug\npc.obj
c:\guldhall\p4\c26\students\dfansler\projects\sd4\roguelike\code\game\debug\vc140.pdb
c:\guldhall\p4\c26\students\dfansler\projects\sd4\roguelike\temporary\protogame_win32_debug\protogame.ilk
c:\guldhall\p4\c26\students\dfansler\projects\sd4\roguelike\temporary\protogame_win32_debug\protogame.exe
c:\guldhall\p4\c26\students\dfansler\projects\sd4\roguelike\temporary\protogame_win32_debug\protogame.pdb
c:\guldhall\p4\c26\students\dfansler\projects\sd4\roguelike\code\game\debug\vc140.idb
c:\guldhall\p4\c26\students\dfansler\projects\sd4\roguelike\code\game\debug\protogame.tlog\cl.command.1.tlog
c:\guldhall\p4\c26\students\dfansler\projects\sd4\roguelike\code\game\debug\protogame.tlog\cl.read.1.tlog
c:\guldhall\p4\c26\students\dfansler\projects\sd4\roguelike\code\game\debug\protogame.tlog\cl.write.1.tlog
c:\guldhall\p4\c26\students\dfansler\projects\sd4\roguelike\code\game\debug\protogame.tlog\link.command.1.tlog
c:\guldhall\p4\c26\students\dfansler\projects\sd4\roguelike\code\game\debug\protogame.tlog\link.read.1.tlog
c:\guldhall\p4\c26\students\dfansler\projects\sd4\roguelike\code\game\debug\protogame.tlog\link.write.1.tlog
