c:\guldhall\p4\c26\students\dfansler\projects\sd4\roguelike\code\game\debug\character.obj
c:\guldhall\p4\c26\students\dfansler\projects\sd4\roguelike\code\game\debug\inventory.obj
c:\guldhall\p4\c26\students\dfansler\projects\sd4\roguelike\code\game\debug\player.obj
c:\guldhall\p4\c26\students\dfansler\projects\sd4\roguelike\code\game\debug\app.obj
c:\guldhall\p4\c26\students\dfansler\projects\sd4\roguelike\code\game\debug\mapfromfile.obj
c:\guldhall\p4\c26\students\dfansler\projects\sd4\roguelike\code\game\debug\wander.obj
c:\guldhall\p4\c26\students\dfansler\projects\sd4\roguelike\code\game\debug\camera3d.obj
c:\guldhall\p4\c26\students\dfansler\projects\sd4\roguelike\code\game\debug\gamecommons.obj
c:\guldhall\p4\c26\students\dfansler\projects\sd4\roguelike\code\game\debug\main_win32.obj
c:\guldhall\p4\c26\students\dfansler\projects\sd4\roguelike\code\game\debug\tile.obj
c:\guldhall\p4\c26\students\dfansler\projects\sd4\roguelike\code\game\debug\game.obj
c:\guldhall\p4\c26\students\dfansler\projects\sd4\roguelike\code\game\debug\mapgenerator.obj
c:\guldhall\p4\c26\students\dfansler\projects\sd4\roguelike\code\game\debug\behavior.obj
c:\guldhall\p4\c26\students\dfansler\projects\sd4\roguelike\code\game\debug\item.obj
c:\guldhall\p4\c26\students\dfansler\projects\sd4\roguelike\code\game\debug\npc.obj
c:\guldhall\p4\c26\students\dfansler\projects\sd4\roguelike\code\game\debug\entity.obj
c:\guldhall\p4\c26\students\dfansler\projects\sd4\roguelike\code\game\debug\itemdescription.obj
c:\guldhall\p4\c26\students\dfansler\projects\sd4\roguelike\code\game\debug\roomandcorridor.obj
c:\guldhall\p4\c26\students\dfansler\projects\sd4\roguelike\code\game\debug\flee.obj
c:\guldhall\p4\c26\students\dfansler\projects\sd4\roguelike\code\game\debug\interactable.obj
c:\guldhall\p4\c26\students\dfansler\projects\sd4\roguelike\code\game\debug\pursue.obj
c:\guldhall\p4\c26\students\dfansler\projects\sd4\roguelike\code\game\debug\stat.obj
c:\guldhall\p4\c26\students\dfansler\projects\sd4\roguelike\code\game\debug\tiledescription.obj
c:\guldhall\p4\c26\students\dfansler\projects\sd4\roguelike\code\game\debug\characterdescription.obj
c:\guldhall\p4\c26\students\dfansler\projects\sd4\roguelike\code\game\debug\interactabledescription.obj
c:\guldhall\p4\c26\students\dfansler\projects\sd4\roguelike\code\game\debug\map.obj
c:\guldhall\p4\c26\students\dfansler\projects\sd4\roguelike\code\game\debug\world.obj
c:\guldhall\p4\c26\students\dfansler\projects\sd4\roguelike\code\game\debug\pathgenerator.obj
c:\guldhall\p4\c26\students\dfansler\projects\sd4\roguelike\code\game\debug\vc140.pdb
c:\guldhall\p4\c26\students\dfansler\projects\sd4\roguelike\code\game\debug\attack.obj
c:\guldhall\p4\c26\students\dfansler\projects\sd4\roguelike\code\game\debug\cellularautomata.obj
c:\guldhall\p4\c26\students\dfansler\projects\sd4\roguelike\code\game\debug\perlinnoisegenerator.obj
c:\guldhall\p4\c26\students\dfansler\projects\sd4\roguelike\code\game\debug\mapdescription.obj
c:\guldhall\p4\c26\students\dfansler\projects\sd4\roguelike\code\game\debug\vc140.idb
c:\guldhall\p4\c26\students\dfansler\projects\sd4\roguelike\temporary\roguelike_win32_debug\roguelike.ilk
c:\guldhall\p4\c26\students\dfansler\projects\sd4\roguelike\temporary\roguelike_win32_debug\roguelike.exe
c:\guldhall\p4\c26\students\dfansler\projects\sd4\roguelike\temporary\roguelike_win32_debug\roguelike.pdb
c:\guldhall\p4\c26\students\dfansler\projects\sd4\roguelike\code\game\debug\game.vcxprojresolveassemblyreference.cache
c:\guldhall\p4\c26\students\dfansler\projects\sd4\roguelike\code\game\debug\game.new.obj.enc
c:\guldhall\p4\c26\students\dfansler\projects\sd4\roguelike\code\game\debug\map.obj.enc
c:\guldhall\p4\c26\students\dfansler\projects\sd4\roguelike\code\game\debug\pathgenerator.obj.enc
c:\guldhall\p4\c26\students\dfansler\projects\sd4\roguelike\code\game\debug\world.obj.enc
c:\guldhall\p4\c26\students\dfansler\projects\sd4\roguelike\code\game\debug\roguelike.tlog\cl.command.1.tlog
c:\guldhall\p4\c26\students\dfansler\projects\sd4\roguelike\code\game\debug\roguelike.tlog\cl.read.1.tlog
c:\guldhall\p4\c26\students\dfansler\projects\sd4\roguelike\code\game\debug\roguelike.tlog\cl.write.1.tlog
c:\guldhall\p4\c26\students\dfansler\projects\sd4\roguelike\code\game\debug\roguelike.tlog\link.command.1.tlog
c:\guldhall\p4\c26\students\dfansler\projects\sd4\roguelike\code\game\debug\roguelike.tlog\link.read.1.tlog
c:\guldhall\p4\c26\students\dfansler\projects\sd4\roguelike\code\game\debug\roguelike.tlog\link.write.1.tlog
