c:\guldhall\p4\c26\students\dfansler\projects\sd6\networking\code\game\debug\gamecommons.obj
c:\guldhall\p4\c26\students\dfansler\projects\sd6\networking\code\game\debug\ship.obj
c:\guldhall\p4\c26\students\dfansler\projects\sd6\networking\code\game\debug\main_win32.obj
c:\guldhall\p4\c26\students\dfansler\projects\sd6\networking\code\game\debug\game.obj
c:\guldhall\p4\c26\students\dfansler\projects\sd6\networking\code\game\debug\player.obj
c:\guldhall\p4\c26\students\dfansler\projects\sd6\networking\code\game\debug\bullet.obj
c:\guldhall\p4\c26\students\dfansler\projects\sd6\networking\code\game\debug\camera3d.obj
c:\guldhall\p4\c26\students\dfansler\projects\sd6\networking\code\game\debug\app.obj
c:\guldhall\p4\c26\students\dfansler\projects\sd6\networking\code\game\debug\vc140.pdb
c:\guldhall\p4\c26\students\dfansler\projects\sd6\networking\code\game\debug\asteroid.obj
c:\guldhall\p4\c26\students\dfansler\projects\sd6\networking\temporary\networking_win32_debug\networking.ilk
c:\guldhall\p4\c26\students\dfansler\projects\sd6\networking\temporary\networking_win32_debug\networking.exe
c:\guldhall\p4\c26\students\dfansler\projects\sd6\networking\temporary\networking_win32_debug\networking.pdb
c:\guldhall\p4\c26\students\dfansler\projects\sd6\networking\code\game\debug\game.vcxprojresolveassemblyreference.cache
c:\guldhall\p4\c26\students\dfansler\projects\sd6\networking\code\game\debug\game.obj.enc
c:\guldhall\p4\c26\students\dfansler\projects\sd6\networking\code\game\debug\main_win32.obj.enc
c:\guldhall\p4\c26\students\dfansler\projects\sd6\networking\code\game\debug\vc140.idb
c:\guldhall\p4\c26\students\dfansler\projects\sd6\networking\code\game\debug\networking.tlog\cl.command.1.tlog
c:\guldhall\p4\c26\students\dfansler\projects\sd6\networking\code\game\debug\networking.tlog\cl.read.1.tlog
c:\guldhall\p4\c26\students\dfansler\projects\sd6\networking\code\game\debug\networking.tlog\cl.write.1.tlog
c:\guldhall\p4\c26\students\dfansler\projects\sd6\networking\code\game\debug\networking.tlog\link.command.1.tlog
c:\guldhall\p4\c26\students\dfansler\projects\sd6\networking\code\game\debug\networking.tlog\link.read.1.tlog
c:\guldhall\p4\c26\students\dfansler\projects\sd6\networking\code\game\debug\networking.tlog\link.write.1.tlog
